{
  "RSpec": {
    "coverage": {
      "/Users/gko/code/detention/config/environment.rb": [
        null,
        1,
        null,
        null,
        1,
        null,
        null,
        null,
        1,
        null,
        null,
        null,
        null,
        null,
        null,
        null,
        null
      ],
      "/Users/gko/code/detention/config/application.rb": [
        1,
        null,
        1,
        null,
        null,
        null,
        1,
        null,
        1,
        1,
        null,
        null,
        null,
        null,
        null,
        null,
        null,
        null,
        null,
        null,
        null,
        null,
        null
      ],
      "/Users/gko/code/detention/config/boot.rb": [
        null,
        1,
        null,
        1
      ],
      "/Users/gko/code/detention/config/environments/test.rb": [
        1,
        null,
        null,
        null,
        null,
        null,
        null,
        1,
        null,
        null,
        null,
        null,
        1,
        null,
        null,
        1,
        1,
        null,
        null,
        1,
        1,
        null,
        null,
        1,
        null,
        null,
        1,
        null,
        null,
        null,
        null,
        null,
        1,
        1,
        1,
        1,
        null,
        1,
        null,
        null,
        null,
        null
      ],
      "/Users/gko/code/detention/config/initializers/FDA.rb": [
        null,
        1
      ],
      "/Users/gko/code/detention/lib/fda/detention/client.rb": [
        1,
        1,
        1,
        null,
        1,
        1,
        1,
        1,
        null,
        1,
        10,
        null,
        null,
        1,
        1,
        1,
        null,
        null,
        1,
        9,
        null,
        null,
        1,
        1,
        0,
        null,
        null,
        1,
        9,
        9,
        9,
        null,
        4752,
        9,
        null,
        null,
        1,
        9,
        9,
        9,
        9,
        4662,
        null,
        765,
        765,
        765,
        765,
        765,
        765,
        null,
        1350,
        1350,
        1350,
        1350,
        1350,
        1350,
        1350,
        null,
        1341,
        1341,
        72,
        36,
        null,
        1341,
        711,
        null,
        1341,
        null,
        1206,
        1206,
        null,
        null,
        9,
        null,
        null,
        1,
        765,
        null,
        2295,
        765,
        null,
        null,
        1,
        2061,
        1386,
        1386,
        675,
        9,
        9,
        666,
        666,
        666,
        null,
        null,
        1,
        1206,
        2934,
        null,
        null,
        null,
        null,
        null,
        null
      ],
      "/Users/gko/code/detention/config/initializers/backtrace_silencers.rb": [
        null,
        null,
        null,
        null,
        null,
        null,
        null
      ],
      "/Users/gko/code/detention/config/initializers/cookies_serializer.rb": [
        null,
        null,
        1
      ],
      "/Users/gko/code/detention/config/initializers/filter_parameter_logging.rb": [
        null,
        null,
        null,
        1
      ],
      "/Users/gko/code/detention/config/initializers/inflections.rb": [
        null,
        null,
        null,
        null,
        null,
        null,
        null,
        null,
        null,
        null,
        null,
        null,
        null,
        null,
        null,
        null
      ],
      "/Users/gko/code/detention/config/initializers/mime_types.rb": [
        null,
        null,
        null,
        null
      ],
      "/Users/gko/code/detention/config/initializers/session_store.rb": [
        null,
        null,
        1
      ],
      "/Users/gko/code/detention/config/initializers/simple_form.rb": [
        null,
        1,
        null,
        null,
        null,
        null,
        null,
        1,
        null,
        null,
        null,
        null,
        null,
        null,
        null,
        null,
        null,
        1,
        null,
        null,
        null,
        1,
        null,
        null,
        null,
        null,
        null,
        null,
        null,
        null,
        1,
        null,
        null,
        1,
        null,
        null,
        1,
        null,
        null,
        1,
        null,
        null,
        1,
        1,
        1,
        null,
        null,
        null,
        null,
        null,
        null,
        null,
        null,
        null,
        1,
        null,
        null,
        null,
        null,
        null,
        1,
        null,
        null,
        1,
        null,
        null,
        null,
        null,
        null,
        null,
        null,
        1,
        null,
        null,
        1,
        null,
        null,
        null,
        null,
        null,
        null,
        null,
        null,
        null,
        null,
        null,
        null,
        null,
        null,
        null,
        null,
        null,
        null,
        null,
        null,
        null,
        null,
        null,
        null,
        null,
        null,
        null,
        null,
        null,
        null,
        null,
        null,
        null,
        null,
        null,
        null,
        null,
        null,
        null,
        null,
        null,
        null,
        null,
        null,
        1,
        null,
        null,
        null,
        null,
        null,
        null,
        null,
        null,
        null,
        null,
        null,
        null,
        null,
        null,
        null,
        null,
        null,
        null,
        null,
        null,
        null,
        null,
        null,
        null,
        null,
        null,
        null,
        null,
        null,
        null,
        null,
        null,
        null,
        null,
        null,
        null,
        1,
        null,
        null,
        null,
        null,
        null,
        null,
        null,
        null
      ],
      "/Users/gko/code/detention/config/initializers/simple_form_bootstrap.rb": [
        null,
        1,
        1,
        1,
        1,
        null,
        1,
        1,
        1,
        1,
        1,
        1,
        1,
        1,
        null,
        1,
        1,
        1,
        null,
        null,
        1,
        1,
        1,
        1,
        1,
        1,
        null,
        1,
        1,
        1,
        null,
        null,
        1,
        1,
        1,
        null,
        1,
        1,
        null,
        null,
        1,
        1,
        null,
        null,
        1,
        1,
        1,
        1,
        1,
        1,
        null,
        null,
        1,
        1,
        1,
        1,
        1,
        1,
        1,
        1,
        null,
        1,
        1,
        1,
        1,
        null,
        null,
        null,
        1,
        1,
        1,
        1,
        1,
        1,
        null,
        1,
        1,
        1,
        1,
        null,
        null,
        null,
        1,
        1,
        1,
        null,
        1,
        1,
        1,
        null,
        null,
        1,
        1,
        null,
        null,
        null,
        1,
        1,
        1,
        null,
        1,
        null,
        1,
        1,
        1,
        1,
        null,
        null,
        null,
        1,
        1,
        1,
        1,
        1,
        1,
        1,
        1,
        null,
        1,
        1,
        1,
        null,
        null,
        null,
        null,
        null,
        null,
        1,
        null
      ],
      "/Users/gko/code/detention/config/initializers/timeout.rb": [
        1
      ],
      "/Users/gko/code/detention/config/initializers/wrap_parameters.rb": [
        null,
        null,
        null,
        null,
        null,
        null,
        1,
        1,
        null,
        null,
        null,
        null,
        null,
        null
      ],
      "/Users/gko/code/detention/spec/factories/companies.rb": [
        1,
        null,
        1,
        1,
        15,
        15,
        null,
        null
      ],
      "/Users/gko/code/detention/spec/factories/products.rb": [
        1,
        null,
        1,
        1,
        12,
        10,
        12,
        null,
        null
      ],
      "/Users/gko/code/detention/spec/factories/users.rb": [
        1,
        null,
        1,
        1,
        1,
        1,
        1,
        1,
        null,
        null
      ],
      "/Users/gko/code/detention/config/routes.rb": [
        1,
        1,
        1,
        1,
        1,
        null,
        null,
        null,
        1,
        1,
        null,
        null,
        1,
        null,
        null,
        null,
        null,
        null,
        null,
        null,
        null,
        null,
        null,
        null,
        null,
        null,
        null,
        null,
        null,
        null,
        null,
        null,
        null,
        null,
        null,
        null,
        null,
        null,
        null,
        null,
        null,
        null,
        null,
        null,
        null,
        null,
        null,
        null,
        null,
        null,
        null,
        null,
        null,
        null,
        null,
        null,
        null,
        null,
        null,
        null,
        null,
        null,
        null
      ],
      "/Users/gko/code/detention/app/helpers/alerts_helper.rb": [
        1,
        null
      ],
      "/Users/gko/code/detention/app/helpers/application_helper.rb": [
        1,
        1,
        1,
        null,
        1,
        1,
        null,
        1,
        3,
        null,
        null
      ],
      "/Users/gko/code/detention/app/helpers/companies_helper.rb": [
        1,
        null
      ],
      "/Users/gko/code/detention/app/helpers/contacts_helper.rb": [
        1,
        null
      ],
      "/Users/gko/code/detention/app/helpers/products_helper.rb": [
        1,
        null
      ],
      "/Users/gko/code/detention/app/helpers/welcome_helper.rb": [
        1,
        null
      ],
      "/Users/gko/code/detention/spec/factory.rb": [
        1,
        1,
        1,
        9,
        null,
        null,
        null
      ],
      "/Users/gko/code/detention/app/controllers/alerts_controller.rb": [
        1,
        1,
        4,
        null,
        null
      ],
      "/Users/gko/code/detention/app/controllers/application_controller.rb": [
        1,
        null,
        null,
        1,
        null
      ],
      "/Users/gko/code/detention/spec/controllers/companies_controller_spec.rb": [
        1,
        null,
        1,
        null,
        3,
        null,
        1,
        3,
        1,
        1,
        null,
        1,
        1,
        null,
        null,
        null,
        null
      ],
      "/Users/gko/code/detention/app/controllers/companies_controller.rb": [
        1,
        1,
        2,
        2,
        null,
        null,
        1,
        0,
        null,
        null,
        1,
        0,
        0,
        0,
        0,
        0,
        null,
        0,
        0,
        null,
        null,
        null,
        null,
        1,
        1,
        0,
        null,
        null
      ],
      "/Users/gko/code/detention/spec/controllers/contacts_controller_spec.rb": [
        1,
        null,
        1,
        null,
        null
      ],
      "/Users/gko/code/detention/app/controllers/contacts_controller.rb": [
        1,
        null,
        1,
        0,
        null,
        null,
        1,
        0,
        0,
        0,
        0,
        0,
        null,
        0,
        0,
        null,
        null,
        null,
        null
      ],
      "/Users/gko/code/detention/spec/controllers/products_controller_spec.rb": [
        1,
        null,
        1,
        null,
        3,
        null,
        1,
        3,
        1,
        1,
        null,
        null,
        1,
        1,
        null,
        null,
        null
      ],
      "/Users/gko/code/detention/app/controllers/products_controller.rb": [
        1,
        1,
        2,
        2,
        null,
        null
      ],
      "/Users/gko/code/detention/spec/controllers/welcome_controller_spec.rb": [
        1,
        null,
        1,
        null,
        1,
        2,
        1,
        1,
        null,
        null,
        null,
        null
      ],
      "/Users/gko/code/detention/app/controllers/welcome_controller.rb": [
        1,
        1,
        null,
        null,
        1,
        0,
        0,
        0,
        null,
        0,
        null,
        null,
        null,
        1,
        null,
        null
      ],
      "/Users/gko/code/detention/spec/helpers/alerts_helper_spec.rb": [
        1,
        null,
        null,
        null,
        null,
        null,
        null,
        null,
        null,
        null,
        null,
        null,
        1,
        1,
        null
      ],
      "/Users/gko/code/detention/spec/helpers/application_helper_spec.rb": [
        1,
        null,
        1,
        1,
        1,
        1,
        1,
        null,
        null,
        null,
        1,
        1,
        1,
        1,
        null,
        null,
        null,
        1,
        1,
        1,
        1,
        null,
        null,
        1,
        null,
        null,
        null,
        null,
        null,
        1,
        1,
        null,
        null,
        null,
        null
      ],
      "/Users/gko/code/detention/spec/helpers/companies_helper_spec.rb": [
        1,
        null,
        null,
        null,
        null,
        null,
        null,
        null,
        null,
        null,
        null,
        null,
        1,
        1,
        null
      ],
      "/Users/gko/code/detention/spec/helpers/contacts_helper_spec.rb": [
        1,
        null,
        null,
        null,
        null,
        null,
        null,
        null,
        null,
        null,
        null,
        null,
        1,
        1,
        null
      ],
      "/Users/gko/code/detention/spec/helpers/products_helper_spec.rb": [
        1,
        null,
        null,
        null,
        null,
        null,
        null,
        null,
        null,
        null,
        null,
        null,
        1,
        1,
        null
      ],
      "/Users/gko/code/detention/spec/helpers/welcome_helper_spec.rb": [
        1,
        null,
        null,
        null,
        null,
        null,
        null,
        null,
        null,
        null,
        null,
        null,
        1,
        1,
        null
      ],
      "/Users/gko/code/detention/spec/lib/fda/detention/client_spec.rb": [
        null,
        1,
        1,
        null,
        null,
        1,
        1,
        1,
        null,
        null,
        11,
        10,
        null,
        1,
        1,
        1,
        null,
        null,
        null,
        1,
        2,
        1,
        1,
        null,
        null,
        1,
        1,
        null,
        null,
        null,
        1,
        9,
        7,
        5,
        null,
        1,
        2,
        1,
        1,
        null,
        null,
        1,
        1,
        null,
        null,
        1,
        1,
        1,
        null,
        null,
        1,
        1,
        null,
        null,
        1,
        1,
        1,
        null,
        null,
        1,
        1,
        null,
        null,
        null,
        1,
        2,
        2,
        1,
        1,
        null,
        null,
        null,
        1,
        2,
        2,
        2,
        1,
        1,
        1,
        null,
        null,
        null,
        null,
        null,
        null
      ],
      "/Users/gko/code/detention/spec/mailers/alert_mailer_spec.rb": [
        1,
        1,
        null,
        1,
        null,
        1,
        8,
        1,
        1,
        8,
        null,
        1,
        7,
        7,
        7,
        7,
        7,
        null,
        null,
        1,
        7,
        null,
        null,
        1,
        1,
        null,
        null,
        1,
        1,
        null,
        null,
        1,
        1,
        null,
        null,
        1,
        5,
        null,
        1,
        1,
        1,
        null,
        null,
        null,
        null,
        1,
        1,
        null,
        null,
        null,
        null,
        1,
        1,
        1,
        null,
        null,
        1,
        1,
        null,
        null,
        null,
        null,
        null,
        null
      ],
      "/Users/gko/code/detention/app/mailers/alert_mailer.rb": [
        1,
        null,
        1,
        14,
        14,
        7,
        null,
        null,
        1,
        1,
        14,
        null,
        null
      ],
      "/Users/gko/code/detention/spec/models/company_spec.rb": [
        1,
        null,
        1,
        null,
        3,
        null,
        1,
        2,
        null,
        2,
        null,
        null,
        1,
        2,
        2,
        2,
        2,
        2,
        null,
        null,
        null
      ],
      "/Users/gko/code/detention/app/models/company.rb": [
        1,
        1,
        1,
        null,
        1,
        1,
        null,
        null,
        null,
        null,
        null,
        null,
        null
      ],
      "/Users/gko/code/detention/spec/models/import_spec.rb": [
        null,
        null,
        1,
        null,
        1,
        8,
        7,
        1,
        2,
        null,
        null,
        1,
        7,
        null,
        1,
        null,
        1,
        4,
        null,
        1,
        4,
        null,
        1,
        4,
        1,
        null,
        null,
        null,
        null,
        1,
        1,
        3,
        3,
        null,
        null,
        1,
        4,
        1,
        null,
        1,
        4,
        null,
        1,
        4,
        null,
        null,
        null,
        null
      ],
      "/Users/gko/code/detention/app/models/import.rb": [
        1,
        1,
        null,
        1,
        9,
        9,
        9,
        9,
        9,
        null,
        null,
        null,
        1,
        1,
        0,
        null,
        null,
        1,
        0,
        null,
        null,
        1,
        9,
        9,
        30,
        30,
        51,
        36,
        36,
        null,
        51,
        51,
        69,
        69,
        null,
        null,
        null,
        null,
        null,
        null
      ],
      "/Users/gko/code/detention/spec/models/pesticide_spec.rb": [
        1,
        null,
        1,
        2,
        1,
        2,
        null,
        1,
        2,
        2,
        null,
        null
      ],
      "/Users/gko/code/detention/app/models/pesticide.rb": [
        1,
        null,
        1,
        1,
        null,
        1,
        null,
        null
      ],
      "/Users/gko/code/detention/spec/models/problem_spec.rb": [
        1,
        null,
        1,
        3,
        1,
        2,
        2,
        null,
        null
      ],
      "/Users/gko/code/detention/app/models/problem.rb": [
        1,
        1,
        1,
        null,
        1,
        null
      ],
      "/Users/gko/code/detention/spec/models/product_spec.rb": [
        1,
        null,
        1,
        null,
        4,
        null,
        1,
        2,
        2,
        2,
        null,
        null,
        1,
        2,
        2,
        2,
        2,
        null,
        null,
        null
      ],
      "/Users/gko/code/detention/app/models/product.rb": [
        1,
        1,
        1,
        1,
        null,
        1,
        1,
        1,
        null,
        1,
        null
      ],
      "/Users/gko/code/detention/spec/models/user_spec.rb": [
        1,
        null,
        1,
        1,
        4,
        2,
        2,
        2,
        null,
        null,
        null
      ],
      "/Users/gko/code/detention/app/models/user.rb": [
        1,
        null,
        1,
        1,
        1,
        1,
        null,
        8,
        null,
        null
      ],
      "/Users/gko/code/detention/spec/requests/alerts_spec.rb": [
        1,
        null,
        1,
        1,
        1,
        3,
        null,
        1,
        1,
        null,
        1,
        1,
        null,
        1,
        1,
        null,
        null,
        null
      ],
      "/Users/gko/code/detention/spec/requests/welcome_spec.rb": [
        1,
        null,
        1,
        1,
        1,
        3,
        null,
        1,
        1,
        null,
        1,
        1,
        null,
        null,
        1,
        1,
        null,
        null,
        null,
        null
      ],
      "/Users/gko/code/detention/spec/views/companies/show.html.erb_spec.rb": [
        1,
        null,
        1,
        1,
        null
      ]
    },
    "timestamp": 1419740863
  }
}
